<?xml version="1.0" encoding="UTF-8"?>
<!-- Generated by org.testng.reporters.JUnitReportReporter -->
<testsuite hostname="KESHRI" failures="0" tests="1" name="RunnerIO.RunerIO" time="0.098" errors="0" timestamp="2025-01-24T21:15:12 IST" skipped="0">
  <testcase classname="RunnerIO.RunerIO" name="runScenario" time="0.098"/>
</testsuite> <!-- RunnerIO.RunerIO -->
